<?xml version="1.0" encoding="UTF-8"?>
<beans xmlns="http://www.springframework.org/schema/beans"
	xmlns:xsi="http://www.w3.org/2001/XMLSchema-instance"
	xmlns:p="http://www.springframework.org/schema/p"
	xmlns:context="http://www.springframework.org/schema/context"
	xmlns:jee="http://www.springframework.org/schema/jee"
	xmlns:tx="http://www.springframework.org/schema/tx"
	xsi:schemaLocation="
			http://www.springframework.org/schema/beans
			http://www.springframework.org/schema/beans/spring-beans-4.2.xsd
			http://www.springframework.org/schema/context
			http://www.springframework.org/schema/context/spring-context-4.2.xsd
			http://www.springframework.org/schema/jee
			http://www.springframework.org/schema/jee/spring-jee-4.2.xsd
			http://www.springframework.org/schema/tx
			http://www.springframework.org/schema/tx/spring-tx-4.2.xsd">

	<bean id="propertyConfigurer"
		class="org.springframework.beans.factory.config.PropertyPlaceholderConfigurer">
		<property name="locations">
			<list>
				<value>classpath:/env.properties</value>
			</list>
		</property>
	</bean>
	
	<bean id="db" class="net.solarnetwork.node.test.TestEmbeddedDatabaseFactoryBean">
		<constructor-arg value="db.type"/>
	</bean>
	
	<bean id="dataSource" class="com.zaxxer.hikari.HikariDataSource" destroy-method="close">
	    <constructor-arg>
			<bean id="hikariConfig" class="com.zaxxer.hikari.HikariConfig">
			    <property name="poolName" value="SolarNode-Test"/>
			    <property name="connectionTestQuery" value="VALUES CURRENT_DATE"/>
			    <property name="dataSource" ref="db"/>
			</bean>
	    </constructor-arg>
	</bean>

	<bean id="txManager" class="org.springframework.jdbc.datasource.DataSourceTransactionManager">
		<property name="dataSource" ref="dataSource"/>
	</bean>

</beans>
